{
  "version": 14,
  "tests": [],
  "testBatches": [
    {
      "id": "0",
      "title": "Batch 1 - Pixel 3a (API 30)",
      "tests": [
        "a489bfef-dcaf-0930-303c-09417dc2edb1",
        "2cf8ece4-700c-89ec-5ff6-e7578a7f3b5d"
      ],
      "exceptionHandlers": []
    },
    {
      "id": "0bcb7412-2887-bbe1-8f8f-68fa5a9c5d6e",
      "title": "Batch 2 - Pixel 3a (API 29)",
      "tests": [
        "e3c481a7-44cd-66d2-06e5-4e72acba0494",
        "dc0b529f-a445-158c-e85d-d5ede15d5e2e"
      ],
      "exceptionHandlers": []
    },
    {
      "id": "38a62ec6-9f1b-bff9-1330-d2c99e0dc6e2",
      "title": "Batch 3 - Pixel 3a (API 29 - Built-in apps)",
      "tests": [
        "d3298a1b-f550-c391-1525-eb334ac62591",
        "ab9b148b-af41-f843-e399-2c78fe7874a4"
      ],
      "exceptionHandlers": []
    }
  ],
  "folders": {
    "id": "ROOT_TREE_NODE_ID",
    "title": "All tests",
    "active": false,
    "expanded": true,
    "children": [
      {
        "id": "default-node",
        "title": "Recorded tests",
        "active": false,
        "expanded": true,
        "children": [
          "a489bfef-dcaf-0930-303c-09417dc2edb1",
          "2cf8ece4-700c-89ec-5ff6-e7578a7f3b5d",
          "e3c481a7-44cd-66d2-06e5-4e72acba0494",
          "dc0b529f-a445-158c-e85d-d5ede15d5e2e",
          "d3298a1b-f550-c391-1525-eb334ac62591",
          "ab9b148b-af41-f843-e399-2c78fe7874a4"
        ]
      }
    ]
  },
  "batchRunner": {
    "testBatch": "38a62ec6-9f1b-bff9-1330-d2c99e0dc6e2",
    "currentExceptionHandlerIndex": 0,
    "currentTestIndex": 1,
    "testRunner": {
      "id": "e4d7526b-a156-4007-6b1e-b6e87c008e8a",
      "currentStepIndex": 0,
      "stopExecutionOnStepIndex": -1,
      "defaultSearchTimeout": 8000,
      "subTestRunners": []
    },
    "batchRun": {
      "id": "27cd1207-4876-11c6-30e7-91e13c86e21f",
      "batchId": "0bcb7412-2887-bbe1-8f8f-68fa5a9c5d6e",
      "title": "Batch 2 - Pixel 3a (API 29)",
      "tests": [
        "e3c481a7-44cd-66d2-06e5-4e72acba0494",
        "dc0b529f-a445-158c-e85d-d5ede15d5e2e"
      ],
      "testRuns": [],
      "createdOn": 1661266021928,
      "stats": {
        "totalCount": 2,
        "successCount": 2,
        "duration": "00:00:13.754",
        "failCount": 0,
        "stepsCount": 14
      }
    },
    "exportMaxImageSize": 800
  },
  "recorder": {
    "isRecording": false,
    "testDirty": false
  },
  "schedules": []
}
